# JRE version: Java(TM) SE Runtime Environment (8.0_31-b13) (build 1.8.0_31-b13)
# Java VM: Java HotSpot(TM) 64-Bit Server VM (25.31-b07 mixed mode windows-amd64 compressed oops)
Heap:
 PSYoungGen      total 64000K, used 63988K [0x00000000d5600000, 0x00000000da100000, 0x0000000100000000)
  eden space 58880K, 100% used [0x00000000d5600000,0x00000000d8f80000,0x00000000d8f80000)
  from space 5120K, 99% used [0x00000000d9c00000,0x00000000da0fd050,0x00000000da100000)
  to   space 5120K, 99% used [0x00000000d9700000,0x00000000d9bf6020,0x00000000d9c00000)
 ParOldGen       total 87552K, used 20186K [0x0000000080200000, 0x0000000085780000, 0x00000000d5600000)
  object space 87552K, 23% used [0x0000000080200000,0x00000000815b6a58,0x0000000085780000)
 Metaspace       used 22759K, capacity 23012K, committed 23424K, reserved 1069056K
  class space    used 2846K, capacity 2916K, committed 2944K, reserved 1048576K
GC Heap History (10 events):
Event: 11.808 GC heap after
Heap after GC invocations=1 (full 0):
 PSYoungGen      total 38400K, used 5119K [0x00000000d5600000, 0x00000000d8080000, 0x0000000100000000)
  eden space 33280K, 0% used [0x00000000d5600000,0x00000000d5600000,0x00000000d7680000)
  from space 5120K, 99% used [0x00000000d7680000,0x00000000d7b7fd58,0x00000000d7b80000)
  to   space 5120K, 0% used [0x00000000d7b80000,0x00000000d7b80000,0x00000000d8080000)
 ParOldGen       total 87552K, used 618K [0x0000000080200000, 0x0000000085780000, 0x00000000d5600000)
  object space 87552K, 0% used [0x0000000080200000,0x000000008029abd8,0x0000000085780000)
 Metaspace       used 16363K, capacity 16542K, committed 16896K, reserved 1064960K
  class space    used 1983K, capacity 2029K, committed 2048K, reserved 1048576K
}
Event: 13.983 GC heap before
{Heap before GC invocations=2 (full 0):
 PSYoungGen      total 38400K, used 38399K [0x00000000d5600000, 0x00000000d8080000, 0x0000000100000000)
  eden space 33280K, 100% used [0x00000000d5600000,0x00000000d7680000,0x00000000d7680000)
  from space 5120K, 99% used [0x00000000d7680000,0x00000000d7b7fd58,0x00000000d7b80000)
  to   space 5120K, 0% used [0x00000000d7b80000,0x00000000d7b80000,0x00000000d8080000)
 ParOldGen       total 87552K, used 618K [0x0000000080200000, 0x0000000085780000, 0x00000000d5600000)
  object space 87552K, 0% used [0x0000000080200000,0x000000008029abd8,0x0000000085780000)
 Metaspace       used 19778K, capacity 20004K, committed 20224K, reserved 1067008K
  class space    used 2474K, capacity 2542K, committed 2560K, reserved 1048576K
Event: 13.997 GC heap after
Heap after GC invocations=2 (full 0):
 PSYoungGen      total 38400K, used 5099K [0x00000000d5600000, 0x00000000d8080000, 0x0000000100000000)
  eden space 33280K, 0% used [0x00000000d5600000,0x00000000d5600000,0x00000000d7680000)
  from space 5120K, 99% used [0x00000000d7b80000,0x00000000d807ac98,0x00000000d8080000)
  to   space 5120K, 0% used [0x00000000d7680000,0x00000000d7680000,0x00000000d7b80000)
 ParOldGen       total 87552K, used 28320K [0x0000000080200000, 0x0000000085780000, 0x00000000d5600000)
  object space 87552K, 32% used [0x0000000080200000,0x0000000081da8000,0x0000000085780000)
 Metaspace       used 19778K, capacity 20004K, committed 20224K, reserved 1067008K
  class space    used 2474K, capacity 2542K, committed 2560K, reserved 1048576K
}
Event: 14.200 GC heap before
{Heap before GC invocations=3 (full 0):
 PSYoungGen      total 38400K, used 8379K [0x00000000d5600000, 0x00000000d8080000, 0x0000000100000000)
  eden space 33280K, 9% used [0x00000000d5600000,0x00000000d5933f70,0x00000000d7680000)
  from space 5120K, 99% used [0x00000000d7b80000,0x00000000d807ac98,0x00000000d8080000)
  to   space 5120K, 0% used [0x00000000d7680000,0x00000000d7680000,0x00000000d7b80000)
 ParOldGen       total 87552K, used 28320K [0x0000000080200000, 0x0000000085780000, 0x00000000d5600000)
  object space 87552K, 32% used [0x0000000080200000,0x0000000081da8000,0x0000000085780000)
 Metaspace       used 20741K, capacity 20970K, committed 21248K, reserved 1067008K
  class space    used 2657K, capacity 2715K, committed 2816K, reserved 1048576K
Event: 14.205 GC heap after
Heap after GC invocations=3 (full 0):
 PSYoungGen      total 38400K, used 5100K [0x00000000d5600000, 0x00000000da100000, 0x0000000100000000)
  eden space 33280K, 0% used [0x00000000d5600000,0x00000000d5600000,0x00000000d7680000)
  from space 5120K, 99% used [0x00000000d7680000,0x00000000d7b7b230,0x00000000d7b80000)
  to   space 5120K, 0% used [0x00000000d9c00000,0x00000000d9c00000,0x00000000da100000)
 ParOldGen       total 87552K, used 28368K [0x0000000080200000, 0x0000000085780000, 0x00000000d5600000)
  object space 87552K, 32% used [0x0000000080200000,0x0000000081db4000,0x0000000085780000)
 Metaspace       used 20741K, capacity 20970K, committed 21248K, reserved 1067008K
  class space    used 2657K, capacity 2715K, committed 2816K, reserved 1048576K
}
Event: 14.205 GC heap before
{Heap before GC invocations=4 (full 1):
 PSYoungGen      total 38400K, used 5100K [0x00000000d5600000, 0x00000000da100000, 0x0000000100000000)
  eden space 33280K, 0% used [0x00000000d5600000,0x00000000d5600000,0x00000000d7680000)
  from space 5120K, 99% used [0x00000000d7680000,0x00000000d7b7b230,0x00000000d7b80000)
  to   space 5120K, 0% used [0x00000000d9c00000,0x00000000d9c00000,0x00000000da100000)
 ParOldGen       total 87552K, used 28368K [0x0000000080200000, 0x0000000085780000, 0x00000000d5600000)
  object space 87552K, 32% used [0x0000000080200000,0x0000000081db4000,0x0000000085780000)
 Metaspace       used 20741K, capacity 20970K, committed 21248K, reserved 1067008K
  class space    used 2657K, capacity 2715K, committed 2816K, reserved 1048576K
Event: 14.240 GC heap after
Heap after GC invocations=4 (full 1):
 PSYoungGen      total 38400K, used 0K [0x00000000d5600000, 0x00000000da100000, 0x0000000100000000)
  eden space 33280K, 0% used [0x00000000d5600000,0x00000000d5600000,0x00000000d7680000)
  from space 5120K, 0% used [0x00000000d7680000,0x00000000d7680000,0x00000000d7b80000)
  to   space 5120K, 0% used [0x00000000d9c00000,0x00000000d9c00000,0x00000000da100000)
 ParOldGen       total 87552K, used 14754K [0x0000000080200000, 0x0000000085780000, 0x00000000d5600000)
  object space 87552K, 16% used [0x0000000080200000,0x0000000081068a18,0x0000000085780000)
 Metaspace       used 20740K, capacity 20968K, committed 21248K, reserved 1067008K
  class space    used 2656K, capacity 2714K, committed 2816K, reserved 1048576K
}
Event: 83.150 GC heap before
{Heap before GC invocations=5 (full 1):
 PSYoungGen      total 38400K, used 33280K [0x00000000d5600000, 0x00000000da100000, 0x0000000100000000)
  eden space 33280K, 100% used [0x00000000d5600000,0x00000000d7680000,0x00000000d7680000)
  from space 5120K, 0% used [0x00000000d7680000,0x00000000d7680000,0x00000000d7b80000)
  to   space 5120K, 0% used [0x00000000d9c00000,0x00000000d9c00000,0x00000000da100000)
 ParOldGen       total 87552K, used 14754K [0x0000000080200000, 0x0000000085780000, 0x00000000d5600000)
  object space 87552K, 16% used [0x0000000080200000,0x0000000081068a18,0x0000000085780000)
 Metaspace       used 21568K, capacity 21812K, committed 22272K, reserved 1069056K
  class space    used 2673K, capacity 2716K, committed 2816K, reserved 1048576K
Event: 83.170 GC heap after
Heap after GC invocations=5 (full 1):
 PSYoungGen      total 64000K, used 5108K [0x00000000d5600000, 0x00000000da100000, 0x0000000100000000)
  eden space 58880K, 0% used [0x00000000d5600000,0x00000000d5600000,0x00000000d8f80000)
  from space 5120K, 99% used [0x00000000d9c00000,0x00000000da0fd050,0x00000000da100000)
  to   space 5120K, 0% used [0x00000000d9700000,0x00000000d9700000,0x00000000d9c00000)
 ParOldGen       total 87552K, used 20178K [0x0000000080200000, 0x0000000085780000, 0x00000000d5600000)
  object space 87552K, 23% used [0x0000000080200000,0x00000000815b4a58,0x0000000085780000)
 Metaspace       used 21568K, capacity 21812K, committed 22272K, reserved 1069056K
  class space    used 2673K, capacity 2716K, committed 2816K, reserved 1048576K
}
Event: 136.716 GC heap before
{Heap before GC invocations=6 (full 1):
 PSYoungGen      total 64000K, used 63988K [0x00000000d5600000, 0x00000000da100000, 0x0000000100000000)
  eden space 58880K, 100% used [0x00000000d5600000,0x00000000d8f80000,0x00000000d8f80000)
  from space 5120K, 99% used [0x00000000d9c00000,0x00000000da0fd050,0x00000000da100000)
  to   space 5120K, 0% used [0x00000000d9700000,0x00000000d9700000,0x00000000d9c00000)
 ParOldGen       total 87552K, used 20178K [0x0000000080200000, 0x0000000085780000, 0x00000000d5600000)
  object space 87552K, 23% used [0x0000000080200000,0x00000000815b4a58,0x0000000085780000)
 Metaspace       used 22759K, capacity 23012K, committed 23424K, reserved 1069056K
  class space    used 2846K, capacity 2916K, committed 2944K, reserved 1048576K

