# JRE version: Java(TM) SE Runtime Environment (8.0_31-b13) (build 1.8.0_31-b13)
# Java VM: Java HotSpot(TM) 64-Bit Server VM (25.31-b07 mixed mode windows-amd64 compressed oops)
Heap:
 PSYoungGen      total 38400K, used 5092K [0x00000000d5600000, 0x00000000d8b80000, 0x0000000100000000)
  eden space 33280K, 0% used [0x00000000d5600000,0x00000000d5600000,0x00000000d7680000)
  from space 5120K, 99% used [0x00000000d7680000,0x00000000d7b79060,0x00000000d7b80000)
  to   space 5120K, 0% used [0x00000000d8680000,0x00000000d8680000,0x00000000d8b80000)
 ParOldGen       total 105984K, used 21843K [0x0000000080200000, 0x0000000086980000, 0x00000000d5600000)
  object space 105984K, 20% used [0x0000000080200000,0x0000000081754c58,0x0000000086980000)
 Metaspace       used 23922K, capacity 24184K, committed 24576K, reserved 1071104K
  class space    used 2983K, capacity 3046K, committed 3072K, reserved 1048576K
GC Heap History (10 events):
Event: 6.824 GC heap after
Heap after GC invocations=2 (full 0):
 PSYoungGen      total 38400K, used 5088K [0x00000000d5600000, 0x00000000d8080000, 0x0000000100000000)
  eden space 33280K, 0% used [0x00000000d5600000,0x00000000d5600000,0x00000000d7680000)
  from space 5120K, 99% used [0x00000000d7b80000,0x00000000d8078180,0x00000000d8080000)
  to   space 5120K, 0% used [0x00000000d7680000,0x00000000d7680000,0x00000000d7b80000)
 ParOldGen       total 87552K, used 29047K [0x0000000080200000, 0x0000000085780000, 0x00000000d5600000)
  object space 87552K, 33% used [0x0000000080200000,0x0000000081e5dfb0,0x0000000085780000)
 Metaspace       used 19950K, capacity 20222K, committed 20608K, reserved 1067008K
  class space    used 2536K, capacity 2615K, committed 2688K, reserved 1048576K
}
Event: 7.503 GC heap before
{Heap before GC invocations=3 (full 0):
 PSYoungGen      total 38400K, used 17444K [0x00000000d5600000, 0x00000000d8080000, 0x0000000100000000)
  eden space 33280K, 37% used [0x00000000d5600000,0x00000000d6211120,0x00000000d7680000)
  from space 5120K, 99% used [0x00000000d7b80000,0x00000000d8078180,0x00000000d8080000)
  to   space 5120K, 0% used [0x00000000d7680000,0x00000000d7680000,0x00000000d7b80000)
 ParOldGen       total 87552K, used 29047K [0x0000000080200000, 0x0000000085780000, 0x00000000d5600000)
  object space 87552K, 33% used [0x0000000080200000,0x0000000081e5dfb0,0x0000000085780000)
 Metaspace       used 20798K, capacity 20976K, committed 21248K, reserved 1067008K
  class space    used 2662K, capacity 2716K, committed 2816K, reserved 1048576K
Event: 7.514 GC heap after
Heap after GC invocations=3 (full 0):
 PSYoungGen      total 38400K, used 5111K [0x00000000d5600000, 0x00000000d8080000, 0x0000000100000000)
  eden space 33280K, 0% used [0x00000000d5600000,0x00000000d5600000,0x00000000d7680000)
  from space 5120K, 99% used [0x00000000d7680000,0x00000000d7b7dc68,0x00000000d7b80000)
  to   space 5120K, 0% used [0x00000000d7b80000,0x00000000d7b80000,0x00000000d8080000)
 ParOldGen       total 87552K, used 34029K [0x0000000080200000, 0x0000000085780000, 0x00000000d5600000)
  object space 87552K, 38% used [0x0000000080200000,0x000000008233b668,0x0000000085780000)
 Metaspace       used 20798K, capacity 20976K, committed 21248K, reserved 1067008K
  class space    used 2662K, capacity 2716K, committed 2816K, reserved 1048576K
}
Event: 7.514 GC heap before
{Heap before GC invocations=4 (full 1):
 PSYoungGen      total 38400K, used 5111K [0x00000000d5600000, 0x00000000d8080000, 0x0000000100000000)
  eden space 33280K, 0% used [0x00000000d5600000,0x00000000d5600000,0x00000000d7680000)
  from space 5120K, 99% used [0x00000000d7680000,0x00000000d7b7dc68,0x00000000d7b80000)
  to   space 5120K, 0% used [0x00000000d7b80000,0x00000000d7b80000,0x00000000d8080000)
 ParOldGen       total 87552K, used 34029K [0x0000000080200000, 0x0000000085780000, 0x00000000d5600000)
  object space 87552K, 38% used [0x0000000080200000,0x000000008233b668,0x0000000085780000)
 Metaspace       used 20798K, capacity 20976K, committed 21248K, reserved 1067008K
  class space    used 2662K, capacity 2716K, committed 2816K, reserved 1048576K
Event: 7.611 GC heap after
Heap after GC invocations=4 (full 1):
 PSYoungGen      total 38400K, used 0K [0x00000000d5600000, 0x00000000d8080000, 0x0000000100000000)
  eden space 33280K, 0% used [0x00000000d5600000,0x00000000d5600000,0x00000000d7680000)
  from space 5120K, 0% used [0x00000000d7680000,0x00000000d7680000,0x00000000d7b80000)
  to   space 5120K, 0% used [0x00000000d7b80000,0x00000000d7b80000,0x00000000d8080000)
 ParOldGen       total 105984K, used 20188K [0x0000000080200000, 0x0000000086980000, 0x00000000d5600000)
  object space 105984K, 19% used [0x0000000080200000,0x00000000815b7070,0x0000000086980000)
 Metaspace       used 20796K, capacity 20974K, committed 21248K, reserved 1067008K
  class space    used 2662K, capacity 2715K, committed 2816K, reserved 1048576K
}
Event: 19.648 GC heap before
{Heap before GC invocations=5 (full 1):
 PSYoungGen      total 38400K, used 33280K [0x00000000d5600000, 0x00000000d8080000, 0x0000000100000000)
  eden space 33280K, 100% used [0x00000000d5600000,0x00000000d7680000,0x00000000d7680000)
  from space 5120K, 0% used [0x00000000d7680000,0x00000000d7680000,0x00000000d7b80000)
  to   space 5120K, 0% used [0x00000000d7b80000,0x00000000d7b80000,0x00000000d8080000)
 ParOldGen       total 105984K, used 20188K [0x0000000080200000, 0x0000000086980000, 0x00000000d5600000)
  object space 105984K, 19% used [0x0000000080200000,0x00000000815b7070,0x0000000086980000)
 Metaspace       used 22576K, capacity 22856K, committed 23168K, reserved 1069056K
  class space    used 2840K, capacity 2910K, committed 2944K, reserved 1048576K
Event: 19.659 GC heap after
Heap after GC invocations=5 (full 1):
 PSYoungGen      total 38400K, used 5107K [0x00000000d5600000, 0x00000000d8b80000, 0x0000000100000000)
  eden space 33280K, 0% used [0x00000000d5600000,0x00000000d5600000,0x00000000d7680000)
  from space 5120K, 99% used [0x00000000d7b80000,0x00000000d807cdb0,0x00000000d8080000)
  to   space 5120K, 0% used [0x00000000d7680000,0x00000000d7680000,0x00000000d7b80000)
 ParOldGen       total 105984K, used 21074K [0x0000000080200000, 0x0000000086980000, 0x00000000d5600000)
  object space 105984K, 19% used [0x0000000080200000,0x0000000081694bd8,0x0000000086980000)
 Metaspace       used 22576K, capacity 22856K, committed 23168K, reserved 1069056K
  class space    used 2840K, capacity 2910K, committed 2944K, reserved 1048576K
}
Event: 85.993 GC heap before
{Heap before GC invocations=6 (full 1):
 PSYoungGen      total 38400K, used 22624K [0x00000000d5600000, 0x00000000d8b80000, 0x0000000100000000)
  eden space 33280K, 52% used [0x00000000d5600000,0x00000000d671b270,0x00000000d7680000)
  from space 5120K, 99% used [0x00000000d7b80000,0x00000000d807cdb0,0x00000000d8080000)
  to   space 5120K, 0% used [0x00000000d7680000,0x00000000d7680000,0x00000000d7b80000)
 ParOldGen       total 105984K, used 21074K [0x0000000080200000, 0x0000000086980000, 0x00000000d5600000)
  object space 105984K, 19% used [0x0000000080200000,0x0000000081694bd8,0x0000000086980000)
 Metaspace       used 23922K, capacity 24184K, committed 24576K, reserved 1071104K
  class space    used 2983K, capacity 3046K, committed 3072K, reserved 1048576K
Event: 86.005 GC heap after
Heap after GC invocations=6 (full 1):
 PSYoungGen      total 38400K, used 5092K [0x00000000d5600000, 0x00000000d8b80000, 0x0000000100000000)
  eden space 33280K, 0% used [0x00000000d5600000,0x00000000d5600000,0x00000000d7680000)
  from space 5120K, 99% used [0x00000000d7680000,0x00000000d7b79060,0x00000000d7b80000)
  to   space 5120K, 0% used [0x00000000d8680000,0x00000000d8680000,0x00000000d8b80000)
 ParOldGen       total 105984K, used 21843K [0x0000000080200000, 0x0000000086980000, 0x00000000d5600000)
  object space 105984K, 20% used [0x0000000080200000,0x0000000081754c58,0x0000000086980000)
 Metaspace       used 23922K, capacity 24184K, committed 24576K, reserved 1071104K
  class space    used 2983K, capacity 3046K, committed 3072K, reserved 1048576K
}
Event: 86.005 GC heap before
{Heap before GC invocations=7 (full 2):
 PSYoungGen      total 38400K, used 5092K [0x00000000d5600000, 0x00000000d8b80000, 0x0000000100000000)
  eden space 33280K, 0% used [0x00000000d5600000,0x00000000d5600000,0x00000000d7680000)
  from space 5120K, 99% used [0x00000000d7680000,0x00000000d7b79060,0x00000000d7b80000)
  to   space 5120K, 0% used [0x00000000d8680000,0x00000000d8680000,0x00000000d8b80000)
 ParOldGen       total 105984K, used 21843K [0x0000000080200000, 0x0000000086980000, 0x00000000d5600000)
  object space 105984K, 20% used [0x0000000080200000,0x0000000081754c58,0x0000000086980000)
 Metaspace       used 23922K, capacity 24184K, committed 24576K, reserved 1071104K
  class space    used 2983K, capacity 3046K, committed 3072K, reserved 1048576K

