# JRE version: Java(TM) SE Runtime Environment (8.0_31-b13) (build 1.8.0_31-b13)
# Java VM: Java HotSpot(TM) 64-Bit Server VM (25.31-b07 mixed mode windows-amd64 compressed oops)
Heap:
 PSYoungGen      total 38400K, used 4540K [0x00000000d5600000, 0x00000000da100000, 0x0000000100000000)
  eden space 33280K, 0% used [0x00000000d5600000,0x00000000d5600000,0x00000000d7680000)
  from space 5120K, 88% used [0x00000000d7680000,0x00000000d7aef220,0x00000000d7b80000)
  to   space 5120K, 0% used [0x00000000d9c00000,0x00000000d9c00000,0x00000000da100000)
 ParOldGen       total 87552K, used 29338K [0x0000000080200000, 0x0000000085780000, 0x00000000d5600000)
  object space 87552K, 33% used [0x0000000080200000,0x0000000081ea6b10,0x0000000085780000)
 Metaspace       used 20857K, capacity 21046K, committed 21296K, reserved 1069056K
  class space    used 2616K, capacity 2653K, committed 2688K, reserved 1048576K
GC Heap History (7 events):
Event: 3.352 GC heap before
{Heap before GC invocations=1 (full 0):
 PSYoungGen      total 38400K, used 33280K [0x00000000d5600000, 0x00000000d8080000, 0x0000000100000000)
  eden space 33280K, 100% used [0x00000000d5600000,0x00000000d7680000,0x00000000d7680000)
  from space 5120K, 0% used [0x00000000d7b80000,0x00000000d7b80000,0x00000000d8080000)
  to   space 5120K, 0% used [0x00000000d7680000,0x00000000d7680000,0x00000000d7b80000)
 ParOldGen       total 87552K, used 0K [0x0000000080200000, 0x0000000085780000, 0x00000000d5600000)
  object space 87552K, 0% used [0x0000000080200000,0x0000000080200000,0x0000000085780000)
 Metaspace       used 16723K, capacity 16926K, committed 17280K, reserved 1064960K
  class space    used 2037K, capacity 2093K, committed 2176K, reserved 1048576K
Event: 3.359 GC heap after
Heap after GC invocations=1 (full 0):
 PSYoungGen      total 38400K, used 5113K [0x00000000d5600000, 0x00000000d8080000, 0x0000000100000000)
  eden space 33280K, 0% used [0x00000000d5600000,0x00000000d5600000,0x00000000d7680000)
  from space 5120K, 99% used [0x00000000d7680000,0x00000000d7b7e418,0x00000000d7b80000)
  to   space 5120K, 0% used [0x00000000d7b80000,0x00000000d7b80000,0x00000000d8080000)
 ParOldGen       total 87552K, used 741K [0x0000000080200000, 0x0000000085780000, 0x00000000d5600000)
  object space 87552K, 0% used [0x0000000080200000,0x00000000802b96e8,0x0000000085780000)
 Metaspace       used 16723K, capacity 16926K, committed 17280K, reserved 1064960K
  class space    used 2037K, capacity 2093K, committed 2176K, reserved 1048576K
}
Event: 10.795 GC heap before
{Heap before GC invocations=2 (full 0):
 PSYoungGen      total 38400K, used 38393K [0x00000000d5600000, 0x00000000d8080000, 0x0000000100000000)
  eden space 33280K, 100% used [0x00000000d5600000,0x00000000d7680000,0x00000000d7680000)
  from space 5120K, 99% used [0x00000000d7680000,0x00000000d7b7e418,0x00000000d7b80000)
  to   space 5120K, 0% used [0x00000000d7b80000,0x00000000d7b80000,0x00000000d8080000)
 ParOldGen       total 87552K, used 741K [0x0000000080200000, 0x0000000085780000, 0x00000000d5600000)
  object space 87552K, 0% used [0x0000000080200000,0x00000000802b96e8,0x0000000085780000)
 Metaspace       used 20647K, capacity 20918K, committed 21120K, reserved 1067008K
  class space    used 2593K, capacity 2653K, committed 2688K, reserved 1048576K
Event: 10.809 GC heap after
Heap after GC invocations=2 (full 0):
 PSYoungGen      total 38400K, used 5111K [0x00000000d5600000, 0x00000000d8080000, 0x0000000100000000)
  eden space 33280K, 0% used [0x00000000d5600000,0x00000000d5600000,0x00000000d7680000)
  from space 5120K, 99% used [0x00000000d7b80000,0x00000000d807ddb0,0x00000000d8080000)
  to   space 5120K, 0% used [0x00000000d7680000,0x00000000d7680000,0x00000000d7b80000)
 ParOldGen       total 87552K, used 29330K [0x0000000080200000, 0x0000000085780000, 0x00000000d5600000)
  object space 87552K, 33% used [0x0000000080200000,0x0000000081ea4b10,0x0000000085780000)
 Metaspace       used 20647K, capacity 20918K, committed 21120K, reserved 1067008K
  class space    used 2593K, capacity 2653K, committed 2688K, reserved 1048576K
}
Event: 10.845 GC heap before
{Heap before GC invocations=3 (full 0):
 PSYoungGen      total 38400K, used 6825K [0x00000000d5600000, 0x00000000d8080000, 0x0000000100000000)
  eden space 33280K, 5% used [0x00000000d5600000,0x00000000d57ac6f8,0x00000000d7680000)
  from space 5120K, 99% used [0x00000000d7b80000,0x00000000d807ddb0,0x00000000d8080000)
  to   space 5120K, 0% used [0x00000000d7680000,0x00000000d7680000,0x00000000d7b80000)
 ParOldGen       total 87552K, used 29330K [0x0000000080200000, 0x0000000085780000, 0x00000000d5600000)
  object space 87552K, 33% used [0x0000000080200000,0x0000000081ea4b10,0x0000000085780000)
 Metaspace       used 20857K, capacity 21046K, committed 21296K, reserved 1069056K
  class space    used 2616K, capacity 2653K, committed 2688K, reserved 1048576K
Event: 10.849 GC heap after
Heap after GC invocations=3 (full 0):
 PSYoungGen      total 38400K, used 4540K [0x00000000d5600000, 0x00000000da100000, 0x0000000100000000)
  eden space 33280K, 0% used [0x00000000d5600000,0x00000000d5600000,0x00000000d7680000)
  from space 5120K, 88% used [0x00000000d7680000,0x00000000d7aef220,0x00000000d7b80000)
  to   space 5120K, 0% used [0x00000000d9c00000,0x00000000d9c00000,0x00000000da100000)
 ParOldGen       total 87552K, used 29338K [0x0000000080200000, 0x0000000085780000, 0x00000000d5600000)
  object space 87552K, 33% used [0x0000000080200000,0x0000000081ea6b10,0x0000000085780000)
 Metaspace       used 20857K, capacity 21046K, committed 21296K, reserved 1069056K
  class space    used 2616K, capacity 2653K, committed 2688K, reserved 1048576K
}
Event: 10.849 GC heap before
{Heap before GC invocations=4 (full 1):
 PSYoungGen      total 38400K, used 4540K [0x00000000d5600000, 0x00000000da100000, 0x0000000100000000)
  eden space 33280K, 0% used [0x00000000d5600000,0x00000000d5600000,0x00000000d7680000)
  from space 5120K, 88% used [0x00000000d7680000,0x00000000d7aef220,0x00000000d7b80000)
  to   space 5120K, 0% used [0x00000000d9c00000,0x00000000d9c00000,0x00000000da100000)
 ParOldGen       total 87552K, used 29338K [0x0000000080200000, 0x0000000085780000, 0x00000000d5600000)
  object space 87552K, 33% used [0x0000000080200000,0x0000000081ea6b10,0x0000000085780000)
 Metaspace       used 20857K, capacity 21046K, committed 21296K, reserved 1069056K
  class space    used 2616K, capacity 2653K, committed 2688K, reserved 1048576K

