# JRE version: Java(TM) SE Runtime Environment (8.0_31-b13) (build 1.8.0_31-b13)
# Java VM: Java HotSpot(TM) 64-Bit Server VM (25.31-b07 mixed mode windows-amd64 compressed oops)
Heap:
 PSYoungGen      total 38400K, used 38389K [0x00000000d5600000, 0x00000000d8080000, 0x0000000100000000)
  eden space 33280K, 100% used [0x00000000d5600000,0x00000000d7680000,0x00000000d7680000)
  from space 5120K, 99% used [0x00000000d7680000,0x00000000d7b7d450,0x00000000d7b80000)
  to   space 5120K, 99% used [0x00000000d7b80000,0x00000000d807ef30,0x00000000d8080000)
 ParOldGen       total 87552K, used 29056K [0x0000000080200000, 0x0000000085780000, 0x00000000d5600000)
  object space 87552K, 33% used [0x0000000080200000,0x0000000081e60088,0x0000000085780000)
 Metaspace       used 20714K, capacity 20994K, committed 21296K, reserved 1069056K
  class space    used 2574K, capacity 2653K, committed 2688K, reserved 1048576K
GC Heap History (3 events):
Event: 5.141 GC heap before
{Heap before GC invocations=1 (full 0):
 PSYoungGen      total 38400K, used 33280K [0x00000000d5600000, 0x00000000d8080000, 0x0000000100000000)
  eden space 33280K, 100% used [0x00000000d5600000,0x00000000d7680000,0x00000000d7680000)
  from space 5120K, 0% used [0x00000000d7b80000,0x00000000d7b80000,0x00000000d8080000)
  to   space 5120K, 0% used [0x00000000d7680000,0x00000000d7680000,0x00000000d7b80000)
 ParOldGen       total 87552K, used 0K [0x0000000080200000, 0x0000000085780000, 0x00000000d5600000)
  object space 87552K, 0% used [0x0000000080200000,0x0000000080200000,0x0000000085780000)
 Metaspace       used 17114K, capacity 17322K, committed 17536K, reserved 1064960K
  class space    used 2091K, capacity 2157K, committed 2176K, reserved 1048576K
Event: 5.147 GC heap after
Heap after GC invocations=1 (full 0):
 PSYoungGen      total 38400K, used 5109K [0x00000000d5600000, 0x00000000d8080000, 0x0000000100000000)
  eden space 33280K, 0% used [0x00000000d5600000,0x00000000d5600000,0x00000000d7680000)
  from space 5120K, 99% used [0x00000000d7680000,0x00000000d7b7d450,0x00000000d7b80000)
  to   space 5120K, 0% used [0x00000000d7b80000,0x00000000d7b80000,0x00000000d8080000)
 ParOldGen       total 87552K, used 1788K [0x0000000080200000, 0x0000000085780000, 0x00000000d5600000)
  object space 87552K, 2% used [0x0000000080200000,0x00000000803bf388,0x0000000085780000)
 Metaspace       used 17114K, capacity 17322K, committed 17536K, reserved 1064960K
  class space    used 2091K, capacity 2157K, committed 2176K, reserved 1048576K
}
Event: 13.467 GC heap before
{Heap before GC invocations=2 (full 0):
 PSYoungGen      total 38400K, used 38389K [0x00000000d5600000, 0x00000000d8080000, 0x0000000100000000)
  eden space 33280K, 100% used [0x00000000d5600000,0x00000000d7680000,0x00000000d7680000)
  from space 5120K, 99% used [0x00000000d7680000,0x00000000d7b7d450,0x00000000d7b80000)
  to   space 5120K, 0% used [0x00000000d7b80000,0x00000000d7b80000,0x00000000d8080000)
 ParOldGen       total 87552K, used 1788K [0x0000000080200000, 0x0000000085780000, 0x00000000d5600000)
  object space 87552K, 2% used [0x0000000080200000,0x00000000803bf388,0x0000000085780000)
 Metaspace       used 20714K, capacity 20994K, committed 21296K, reserved 1069056K
  class space    used 2574K, capacity 2653K, committed 2688K, reserved 1048576K

